<?xml version="1.0" encoding="UTF-8"?>
<!-- Generated by org.testng.reporters.JUnitReportReporter -->
<testsuite hostname="DESKTOP-SB9293Q" failures="0" tests="4" name="com.qa.test.VacancyTest" time="67.457" errors="0" timestamp="21 Mar 2022 08:27:59 GMT" skipped="0">
  <testcase classname="com.qa.test.VacancyTest" name="createVacancyTest" time="16.781"/>
  <testcase classname="com.qa.test.VacancyTest" name="createVacancyTest" time="17.438"/>
  <testcase classname="com.qa.test.VacancyTest" name="createVacancyTest" time="17.945"/>
  <testcase classname="com.qa.test.VacancyTest" name="createVacancyTest" time="15.293"/>
</testsuite> <!-- com.qa.test.VacancyTest -->
