<?xml version="1.0" encoding="UTF-8"?>
<!-- Generated by org.testng.reporters.JUnitReportReporter -->
<testsuite hostname="DESKTOP-SB9293Q" failures="0" tests="3" name="com.qa.test.LoginTest" time="99.795" errors="0" timestamp="16 Mar 2022 18:42:53 GMT" skipped="0">
  <testcase classname="com.qa.test.LoginTest" name="loginPageTitleTest" time="23.401"/>
  <testcase classname="com.qa.test.LoginTest" name="forgotPwdLinkTest" time="19.509"/>
  <testcase classname="com.qa.test.LoginTest" name="loginTest" time="56.885"/>
</testsuite> <!-- com.qa.test.LoginTest -->
