<?xml version="1.0" encoding="UTF-8"?>
<!-- Generated by org.testng.reporters.JUnitReportReporter -->
<testsuite hostname="DESKTOP-SB9293Q" failures="0" tests="2" name="com.qa.test.DashBoardTest" time="0.099" errors="0" timestamp="17 Mar 2022 19:47:08 GMT" skipped="0">
  <testcase classname="com.qa.test.DashBoardTest" name="verifyDashboardTitleTest" time="0.024"/>
  <testcase classname="com.qa.test.DashBoardTest" name="verifyLogoTest" time="0.075"/>
</testsuite> <!-- com.qa.test.DashBoardTest -->
