<?xml version="1.0" encoding="UTF-8"?>
<!-- Generated by org.testng.reporters.JUnitReportReporter -->
<testsuite hostname="DESKTOP-SB9293Q" failures="0" tests="2" name="com.qa.test.DashBoardTest" time="0.110" errors="0" timestamp="2022-03-21T14:16:42 IST" skipped="0">
  <testcase classname="com.qa.test.DashBoardTest" name="verifyDashboardTitleTest" time="0.025"/>
  <system-out/>
  <testcase classname="com.qa.test.DashBoardTest" name="verifyLogoTest" time="0.085"/>
  <system-out/>
</testsuite> <!-- com.qa.test.DashBoardTest -->
