<?xml version="1.0" encoding="UTF-8"?>
<!-- Generated by org.testng.reporters.JUnitReportReporter -->
<testsuite hostname="DESKTOP-SB9293Q" failures="0" tests="2" name="com.qa.test.EmployeeTest" time="38.554" errors="0" timestamp="2022-03-21T14:16:42 IST" skipped="0">
  <testcase classname="com.qa.test.EmployeeTest" name="createEmployeeTest" time="18.703"/>
  <system-out/>
  <testcase classname="com.qa.test.EmployeeTest" name="createEmployeeTest" time="19.851"/>
  <system-out/>
</testsuite> <!-- com.qa.test.EmployeeTest -->
