<?xml version="1.0" encoding="UTF-8"?>
<!-- Generated by org.testng.reporters.JUnitReportReporter -->
<testsuite hostname="DESKTOP-SB9293Q" failures="0" tests="5" name="com.qa.test.CandidatesTest" time="110.219" errors="0" timestamp="2022-03-21T14:16:42 IST" skipped="0">
  <testcase classname="com.qa.test.CandidatesTest" name="createCandidatesTest" time="20.995"/>
  <system-out/>
  <testcase classname="com.qa.test.CandidatesTest" name="createCandidatesTest" time="24.133"/>
  <system-out/>
  <testcase classname="com.qa.test.CandidatesTest" name="createCandidatesTest" time="22.826"/>
  <system-out/>
  <testcase classname="com.qa.test.CandidatesTest" name="createCandidatesTest" time="21.316"/>
  <system-out/>
  <testcase classname="com.qa.test.CandidatesTest" name="createCandidatesTest" time="20.949"/>
  <system-out/>
</testsuite> <!-- com.qa.test.CandidatesTest -->
