<?xml version="1.0" encoding="UTF-8"?>
<!-- Generated by org.testng.reporters.JUnitReportReporter -->
<testsuite hostname="DESKTOP-SB9293Q" failures="0" tests="3" name="com.qa.test.LoginTest" time="31.508" errors="0" timestamp="2022-03-21T14:16:42 IST" skipped="0">
  <testcase classname="com.qa.test.LoginTest" name="loginPageTitleTest" time="9.338"/>
  <system-out/>
  <testcase classname="com.qa.test.LoginTest" name="forgotPwdLinkTest" time="9.058"/>
  <system-out/>
  <testcase classname="com.qa.test.LoginTest" name="loginTest" time="13.112"/>
  <system-out/>
</testsuite> <!-- com.qa.test.LoginTest -->
